<?xml version="1.0" encoding="utf-8" standalone="no"?>
<test-results xmlns:xsi="http://www.w3.org/2001/XMLSchema-instance" xsi:noNamespaceSchemaLocation="nunit_schema_2.5.xsd" name="Pester" total="5" errors="0" failures="0" not-run="0" inconclusive="0" ignored="0" skipped="0" invalid="0" date="2017-08-30" time="02:44:45">
  <environment user="vagrant" machine-name="ANSARADA-DEV" cwd="C:\git\InstallGitModule" user-domain="ANSARADA-DEV" platform="Microsoft Windows 10 Enterprise N|C:\WINDOWS|\Device\Harddisk0\Partition1" nunit-version="2.5.8.0" os-version="10.0.15063" clr-version="4.0.30319.42000" />
  <culture-info current-culture="en-US" current-uiculture="en-US" />
  <test-suite type="Powershell" name="Pester" executed="True" result="Success" success="True" time="1.6029" asserts="0">
    <results>
      <test-suite type="TestFixture" name="Public/Install-ModuleGit" executed="True" result="Success" success="True" time="1.4162" asserts="0" description="Public/Install-ModuleGit">
        <results>
          <test-case description="Github URL does not exist" name="Public/Install-ModuleGit.Github URL does not exist" time="1.4162" asserts="0" success="True" result="Success" executed="True" />
        </results>
      </test-suite>
      <test-suite type="TestFixture" name="General project validation: InstallGitModule" executed="True" result="Success" success="True" time="0.1867" asserts="0" description="General project validation: InstallGitModule">
        <results>
          <test-suite type="ParameterizedTest" name="General project validation: InstallGitModule.Script &lt;file&gt; should be valid powershell" executed="True" result="Success" success="True" time="0.145" asserts="0" description="Script &lt;file&gt; should be valid powershell">
            <results>
              <test-case description="Script C:\git\InstallGitModule\InstallGitModule\Public\Install-ModuleGit.ps1 should be valid powershell" name="General project validation: InstallGitModule.Script C:\git\InstallGitModule\InstallGitModule\Public\Install-ModuleGit.ps1 should be valid powershell" time="0.0561" asserts="0" success="True" result="Success" executed="True" />
              <test-case description="Script C:\git\InstallGitModule\InstallGitModule\InstallGitModule.psd1 should be valid powershell" name="General project validation: InstallGitModule.Script C:\git\InstallGitModule\InstallGitModule\InstallGitModule.psd1 should be valid powershell" time="0.0436" asserts="0" success="True" result="Success" executed="True" />
              <test-case description="Script C:\git\InstallGitModule\InstallGitModule\InstallGitModule.psm1 should be valid powershell" name="General project validation: InstallGitModule.Script C:\git\InstallGitModule\InstallGitModule\InstallGitModule.psm1 should be valid powershell" time="0.0453" asserts="0" success="True" result="Success" executed="True" />
            </results>
          </test-suite>
          <test-case description="Module 'InstallGitModule' can import cleanly" name="General project validation: InstallGitModule.Module 'InstallGitModule' can import cleanly" time="0.0417" asserts="0" success="True" result="Success" executed="True" />
        </results>
      </test-suite>
    </results>
  </test-suite>
</test-results>